Using pre-set license
Built from '2022.3/staging' branch; Version is '2022.3.39f1 (4e1b0f82c39a) revision 5118735'; Using compiler version '192829333'; Build Type 'Release'
OS: 'Windows 11  (10.0.22631) 64bit Core' Language: 'ru' Physical Memory: 8013 MB
BatchMode: 1, IsHumanControllingUs: 0, StartBugReporterOnCrash: 0, Is64bit: 1, IsPro: 1

COMMAND LINE ARGUMENTS:
E:\Unity\2022.3.39f1\Editor\Unity.exe
-adb2
-batchMode
-noUpm
-name
AssetImportWorker7
-projectPath
E:/Butchers Games Test Project
-logFile
Logs/AssetImportWorker7.log
-srvPort
60926
Successfully changed project path to: E:/Butchers Games Test Project
E:/Butchers Games Test Project
[UnityMemory] Configuration Parameters - Can be set up in boot.config
    "memorysetup-bucket-allocator-granularity=16"
    "memorysetup-bucket-allocator-bucket-count=8"
    "memorysetup-bucket-allocator-block-size=33554432"
    "memorysetup-bucket-allocator-block-count=8"
    "memorysetup-main-allocator-block-size=16777216"
    "memorysetup-thread-allocator-block-size=16777216"
    "memorysetup-gfx-main-allocator-block-size=16777216"
    "memorysetup-gfx-thread-allocator-block-size=16777216"
    "memorysetup-cache-allocator-block-size=4194304"
    "memorysetup-typetree-allocator-block-size=2097152"
    "memorysetup-profiler-bucket-allocator-granularity=16"
    "memorysetup-profiler-bucket-allocator-bucket-count=8"
    "memorysetup-profiler-bucket-allocator-block-size=33554432"
    "memorysetup-profiler-bucket-allocator-block-count=8"
    "memorysetup-profiler-allocator-block-size=16777216"
    "memorysetup-profiler-editor-allocator-block-size=1048576"
    "memorysetup-temp-allocator-size-main=16777216"
    "memorysetup-job-temp-allocator-block-size=2097152"
    "memorysetup-job-temp-allocator-block-size-background=1048576"
    "memorysetup-job-temp-allocator-reduction-small-platforms=262144"
    "memorysetup-allocator-temp-initial-block-size-main=262144"
    "memorysetup-allocator-temp-initial-block-size-worker=262144"
    "memorysetup-temp-allocator-size-background-worker=32768"
    "memorysetup-temp-allocator-size-job-worker=262144"
    "memorysetup-temp-allocator-size-preload-manager=33554432"
    "memorysetup-temp-allocator-size-nav-mesh-worker=65536"
    "memorysetup-temp-allocator-size-audio-worker=65536"
    "memorysetup-temp-allocator-size-cloud-worker=32768"
    "memorysetup-temp-allocator-size-gi-baking-worker=262144"
    "memorysetup-temp-allocator-size-gfx=262144"
Player connection [3776]  Target information:

Player connection [3776]  * "[IP] 192.168.100.55 [Port] 0 [Flags] 2 [Guid] 3348114238 [EditorId] 3348114238 [Version] 1048832 [Id] WindowsEditor(7,FlashThompson) [Debug] 1 [PackageName] WindowsEditor [ProjectName] Editor" 

Player connection [3776] Host joined multi-casting on [225.0.0.222:54997]...
Player connection [3776] Host joined alternative multi-casting on [225.0.0.222:34997]...
[PhysX] Initialized MultithreadedTaskDispatcher with 12 workers.
Refreshing native plugins compatible for Editor in 1.83 ms, found 0 plugins.
Preloading 0 native plugins for Editor in 0.00 ms.
Initialize engine version: 2022.3.39f1 (4e1b0f82c39a)
[Subsystems] Discovering subsystems at path E:/Unity/2022.3.39f1/Editor/Data/Resources/UnitySubsystems
[Subsystems] Discovering subsystems at path E:/Butchers Games Test Project/Assets
GfxDevice: creating device client; threaded=0; jobified=0
Direct3D:
    Version:  Direct3D 11.0 [level 11.1]
    Renderer: NVIDIA GeForce GTX 1650 with Max-Q Design (ID=0x1f9d)
    Vendor:   NVIDIA
    VRAM:     3937 MB
    Driver:   32.0.15.6081
Initialize mono
Mono path[0] = 'E:/Unity/2022.3.39f1/Editor/Data/Managed'
Mono path[1] = 'E:/Unity/2022.3.39f1/Editor/Data/MonoBleedingEdge/lib/mono/unityjit-win32'
Mono config path = 'E:/Unity/2022.3.39f1/Editor/Data/MonoBleedingEdge/etc'
Using monoOptions --debugger-agent=transport=dt_socket,embedding=1,server=y,suspend=n,address=127.0.0.1:56392
Begin MonoManager ReloadAssembly
Registering precompiled unity dll's ...
Register platform support module: E:/Unity/2022.3.39f1/Editor/Data/PlaybackEngines/WebGLSupport/UnityEditor.WebGL.Extensions.dll
Register platform support module: E:/Unity/2022.3.39f1/Editor/Data/PlaybackEngines/WindowsStandaloneSupport/UnityEditor.WindowsStandalone.Extensions.dll
Registered in 0.002586 seconds.
- Loaded All Assemblies, in  1.048 seconds
Native extension for WindowsStandalone target not found
Native extension for WebGL target not found
Mono: successfully reloaded assembly
- Finished resetting the current domain, in  0.468 seconds
Domain Reload Profiling: 1516ms
	BeginReloadAssembly (182ms)
		ExecutionOrderSort (0ms)
		DisableScriptedObjects (0ms)
		BackupInstance (0ms)
		ReleaseScriptingObjects (0ms)
		CreateAndSetChildDomain (1ms)
	RebuildCommonClasses (30ms)
	RebuildNativeTypeToScriptingClass (10ms)
	initialDomainReloadingComplete (42ms)
	LoadAllAssembliesAndSetupDomain (783ms)
		LoadAssemblies (181ms)
		RebuildTransferFunctionScriptingTraits (0ms)
		AnalyzeDomain (782ms)
			TypeCache.Refresh (780ms)
				TypeCache.ScanAssembly (596ms)
			ScanForSourceGeneratedMonoScriptInfo (0ms)
			ResolveRequiredComponents (0ms)
	FinalizeReload (469ms)
		ReleaseScriptCaches (0ms)
		RebuildScriptCaches (0ms)
		SetupLoadedEditorAssemblies (412ms)
			LogAssemblyErrors (0ms)
			InitializePlatformSupportModulesInManaged (7ms)
			SetLoadedEditorAssemblies (5ms)
			RefreshPlugins (0ms)
			BeforeProcessingInitializeOnLoad (2ms)
			ProcessInitializeOnLoadAttributes (132ms)
			ProcessInitializeOnLoadMethodAttributes (265ms)
			AfterProcessingInitializeOnLoad (0ms)
			EditorAssembliesLoaded (0ms)
		ExecutionOrderSort2 (0ms)
		AwakeInstancesAfterBackupRestoration (0ms)
========================================================================
Worker process is ready to serve import requests
Begin MonoManager ReloadAssembly
- Loaded All Assemblies, in  0.331 seconds
Refreshing native plugins compatible for Editor in 0.61 ms, found 0 plugins.
Native extension for WindowsStandalone target not found
Native extension for WebGL target not found
Mono: successfully reloaded assembly
- Finished resetting the current domain, in  0.344 seconds
Domain Reload Profiling: 675ms
	BeginReloadAssembly (127ms)
		ExecutionOrderSort (0ms)
		DisableScriptedObjects (5ms)
		BackupInstance (0ms)
		ReleaseScriptingObjects (0ms)
		CreateAndSetChildDomain (17ms)
	RebuildCommonClasses (29ms)
	RebuildNativeTypeToScriptingClass (11ms)
	initialDomainReloadingComplete (31ms)
	LoadAllAssembliesAndSetupDomain (133ms)
		LoadAssemblies (168ms)
		RebuildTransferFunctionScriptingTraits (0ms)
		AnalyzeDomain (40ms)
			TypeCache.Refresh (29ms)
				TypeCache.ScanAssembly (24ms)
			ScanForSourceGeneratedMonoScriptInfo (7ms)
			ResolveRequiredComponents (3ms)
	FinalizeReload (345ms)
		ReleaseScriptCaches (0ms)
		RebuildScriptCaches (0ms)
		SetupLoadedEditorAssemblies (220ms)
			LogAssemblyErrors (0ms)
			InitializePlatformSupportModulesInManaged (4ms)
			SetLoadedEditorAssemblies (3ms)
			RefreshPlugins (0ms)
			BeforeProcessingInitializeOnLoad (37ms)
			ProcessInitializeOnLoadAttributes (155ms)
			ProcessInitializeOnLoadMethodAttributes (19ms)
			AfterProcessingInitializeOnLoad (2ms)
			EditorAssembliesLoaded (0ms)
		ExecutionOrderSort2 (0ms)
		AwakeInstancesAfterBackupRestoration (5ms)
Launched and connected shader compiler UnityShaderCompiler.exe after 0.14 seconds
Refreshing native plugins compatible for Editor in 0.67 ms, found 0 plugins.
Preloading 0 native plugins for Editor in 0.00 ms.
Unloading 1160 Unused Serialized files (Serialized files now loaded: 0)
Unloading 38 unused Assets / (125.7 KB). Loaded Objects now: 1635.
Memory consumption went from 81.2 MB to 81.1 MB.
Total: 2.112200 ms (FindLiveObjects: 0.108500 ms CreateObjectMapping: 0.038700 ms MarkObjects: 1.877800 ms  DeleteObjects: 0.086600 ms)

AssetImportParameters requested are different than current active one (requested -> active):
  custom:video-encoder-webm-vp8: eb34c28f22e8b96e1ab97ce403110664 -> 
  custom:video-decoder-webm-vp8: 9c59270c3fd7afecdb556c50c9e8de78 -> 
  custom:audio-decoder-ogg-vorbis: bf7c407c2cedff20999df2af8eb42d56 -> 
  custom:SearchIndexIgnoredProperties: e643bd26f0fe6173181afceb89e7c659 -> 
  custom:container-demuxer-ogg: 62fdf1f143b41e24485cea50d1cbac27 -> 
  custom:AudioImporter_EditorPlatform: d09bf68614088b80899f8185d706f6e7 -> 
  custom:CustomObjectIndexerAttribute: 9a22284fe3817be447336de3de66b15e -> 
  custom:container-demuxer-webm: 4f35f7cbe854078d1ac9338744f61a02 -> 
  custom:video-codec-MediaFoundation-h265: 746d11721c4dcdbdad8f713fa42b33f4 -> 
  custom:scripting/monoscript/fileName/Movement.cs: f4b8b2d2a1de9c50c30687c0a002a10c -> 1bc12bc9370e727baa54e145392501fb
  custom:video-decoder-ogg-theora: a1e56fd34408186e4bbccfd4996cb3dc -> 
  custom:audio-encoder-webm-vorbis: bf7c407c2cedff20999df2af8eb42d56 -> 
  custom:framework-win-MediaFoundation: 216162199b28c13a410421893ffa2e32 -> 
  custom:container-muxer-webm: aa71ff27fc2769a1b78a27578f13a17b -> 
========================================================================
Received Import Request.
  Time since last request: 456255.476898 seconds.
  path: Assets/Visual/Mesh/AfricanGirl_Descent.asset
  artifactKey: Guid(f2f4e649c9c2d074eb601231752e46a9) Importer(815301076,1909f56bfc062723c751e8b465ee728b)
Start importing Assets/Visual/Mesh/AfricanGirl_Descent.asset using Guid(f2f4e649c9c2d074eb601231752e46a9) Importer(815301076,1909f56bfc062723c751e8b465ee728b) [PhysX] Initialized MultithreadedTaskDispatcher with 12 workers.
[PhysX] Initialized MultithreadedTaskDispatcher with 12 workers.
 -> (artifact id: '792c36e8e3714f67f1abb7bdd4d66c01') in 0.346310 seconds
Number of updated asset objects reloaded before import = 0
Number of asset objects unloaded after import = 2
========================================================================
Received Import Request.
  Time since last request: 0.000019 seconds.
  path: Assets/Visual/Mesh/AfricanGirl_Poor.asset
  artifactKey: Guid(83c572ad10e72b241955ebb0a6d8556b) Importer(815301076,1909f56bfc062723c751e8b465ee728b)
Start importing Assets/Visual/Mesh/AfricanGirl_Poor.asset using Guid(83c572ad10e72b241955ebb0a6d8556b) Importer(815301076,1909f56bfc062723c751e8b465ee728b) [PhysX] Initialized MultithreadedTaskDispatcher with 12 workers.
[PhysX] Initialized MultithreadedTaskDispatcher with 12 workers.
 -> (artifact id: 'f2d590f357477439a265eaf38084a736') in 0.023829 seconds
Number of updated asset objects reloaded before import = 0
Number of asset objects unloaded after import = 2
========================================================================
Received Import Request.
  Time since last request: 0.099181 seconds.
  path: Assets/Visual/Mesh/Aladdin_Casual.asset
  artifactKey: Guid(0eefa2154a72b1346b9fb5a1e963d58d) Importer(815301076,1909f56bfc062723c751e8b465ee728b)
Start importing Assets/Visual/Mesh/Aladdin_Casual.asset using Guid(0eefa2154a72b1346b9fb5a1e963d58d) Importer(815301076,1909f56bfc062723c751e8b465ee728b) [PhysX] Initialized MultithreadedTaskDispatcher with 12 workers.
[PhysX] Initialized MultithreadedTaskDispatcher with 12 workers.
 -> (artifact id: '317059ebcc7a1d3b7743bf5b246eaa9b') in 0.052177 seconds
Number of updated asset objects reloaded before import = 0
Number of asset objects unloaded after import = 2
========================================================================
Received Import Request.
  Time since last request: 0.096840 seconds.
  path: Assets/Visual/Mesh/Aladdin_Millionaire.asset
  artifactKey: Guid(ed6d2597513cf6b439adb3a0414ab90c) Importer(815301076,1909f56bfc062723c751e8b465ee728b)
Start importing Assets/Visual/Mesh/Aladdin_Millionaire.asset using Guid(ed6d2597513cf6b439adb3a0414ab90c) Importer(815301076,1909f56bfc062723c751e8b465ee728b) [PhysX] Initialized MultithreadedTaskDispatcher with 12 workers.
[PhysX] Initialized MultithreadedTaskDispatcher with 12 workers.
 -> (artifact id: '2cf7711e7e633de0277ce18ff6ba8ebf') in 0.020236 seconds
Number of updated asset objects reloaded before import = 0
Number of asset objects unloaded after import = 2
========================================================================
Received Import Request.
  Time since last request: 0.361121 seconds.
  path: Assets/Visual/Mesh/Art_Descent.asset
  artifactKey: Guid(41126552133007c4d91c5b8ad455fc32) Importer(815301076,1909f56bfc062723c751e8b465ee728b)
Start importing Assets/Visual/Mesh/Art_Descent.asset using Guid(41126552133007c4d91c5b8ad455fc32) Importer(815301076,1909f56bfc062723c751e8b465ee728b) [PhysX] Initialized MultithreadedTaskDispatcher with 12 workers.
[PhysX] Initialized MultithreadedTaskDispatcher with 12 workers.
 -> (artifact id: '63a00ea779ec9b211c907bf6b096e3a7') in 0.208568 seconds
Number of updated asset objects reloaded before import = 0
Number of asset objects unloaded after import = 2
========================================================================
Received Import Request.
  Time since last request: 0.000107 seconds.
  path: Assets/Visual/Mesh/Art_Escalier_Rich.asset
  artifactKey: Guid(d51c84fe8946552428a90b0e0ee93448) Importer(815301076,1909f56bfc062723c751e8b465ee728b)
Start importing Assets/Visual/Mesh/Art_Escalier_Rich.asset using Guid(d51c84fe8946552428a90b0e0ee93448) Importer(815301076,1909f56bfc062723c751e8b465ee728b) [PhysX] Initialized MultithreadedTaskDispatcher with 12 workers.
[PhysX] Initialized MultithreadedTaskDispatcher with 12 workers.
 -> (artifact id: '43c65544b65f7ff62ae34ee8279328d3') in 0.037616 seconds
Number of updated asset objects reloaded before import = 0
Number of asset objects unloaded after import = 2
========================================================================
Received Import Request.
  Time since last request: 0.000096 seconds.
  path: Assets/Visual/Mesh/Art_Rich_02.asset
  artifactKey: Guid(5b466277df825c6479fd930af1e3658a) Importer(815301076,1909f56bfc062723c751e8b465ee728b)
Start importing Assets/Visual/Mesh/Art_Rich_02.asset using Guid(5b466277df825c6479fd930af1e3658a) Importer(815301076,1909f56bfc062723c751e8b465ee728b) [PhysX] Initialized MultithreadedTaskDispatcher with 12 workers.
[PhysX] Initialized MultithreadedTaskDispatcher with 12 workers.
 -> (artifact id: 'b0d1cba024b5ef7719de8599d8e13b0b') in 0.009677 seconds
Number of updated asset objects reloaded before import = 0
Number of asset objects unloaded after import = 2
========================================================================
Received Import Request.
  Time since last request: 0.030501 seconds.
  path: Assets/Visual/Mesh/Bad_Poor_01.asset
  artifactKey: Guid(e09fdac57e5b3d14b9a2f99dc3aa2bd2) Importer(815301076,1909f56bfc062723c751e8b465ee728b)
Start importing Assets/Visual/Mesh/Bad_Poor_01.asset using Guid(e09fdac57e5b3d14b9a2f99dc3aa2bd2) Importer(815301076,1909f56bfc062723c751e8b465ee728b) [PhysX] Initialized MultithreadedTaskDispatcher with 12 workers.
[PhysX] Initialized MultithreadedTaskDispatcher with 12 workers.
 -> (artifact id: '617bc85b24205bd16f78d7e7079aa79a') in 0.025681 seconds
Number of updated asset objects reloaded before import = 0
Number of asset objects unloaded after import = 2
========================================================================
Received Import Request.
  Time since last request: 0.021506 seconds.
  path: Assets/Visual/Mesh/Bank_Piggy.asset
  artifactKey: Guid(fdb9a7190d1b80b41abecbb3d5bf4353) Importer(815301076,1909f56bfc062723c751e8b465ee728b)
Start importing Assets/Visual/Mesh/Bank_Piggy.asset using Guid(fdb9a7190d1b80b41abecbb3d5bf4353) Importer(815301076,1909f56bfc062723c751e8b465ee728b) [PhysX] Initialized MultithreadedTaskDispatcher with 12 workers.
[PhysX] Initialized MultithreadedTaskDispatcher with 12 workers.
 -> (artifact id: '49bfcc307c863faccf1781fbedbed1c4') in 0.031014 seconds
Number of updated asset objects reloaded before import = 0
Number of asset objects unloaded after import = 2
========================================================================
Received Import Request.
  Time since last request: 0.123062 seconds.
  path: Assets/Visual/Mesh/Barbeque_Descent.asset
  artifactKey: Guid(c931a1aa62cf53d46a659050607f868c) Importer(815301076,1909f56bfc062723c751e8b465ee728b)
Start importing Assets/Visual/Mesh/Barbeque_Descent.asset using Guid(c931a1aa62cf53d46a659050607f868c) Importer(815301076,1909f56bfc062723c751e8b465ee728b) [PhysX] Initialized MultithreadedTaskDispatcher with 12 workers.
[PhysX] Initialized MultithreadedTaskDispatcher with 12 workers.
 -> (artifact id: '254c8cac7c3162ebcafea93f2bbdb1d9') in 0.010314 seconds
Number of updated asset objects reloaded before import = 0
Number of asset objects unloaded after import = 2
========================================================================
Received Import Request.
  Time since last request: 0.042244 seconds.
  path: Assets/Visual/Mesh/Bathroom_Poor.asset
  artifactKey: Guid(dedba896aa1f30b41958a414185eeca0) Importer(815301076,1909f56bfc062723c751e8b465ee728b)
Start importing Assets/Visual/Mesh/Bathroom_Poor.asset using Guid(dedba896aa1f30b41958a414185eeca0) Importer(815301076,1909f56bfc062723c751e8b465ee728b) [PhysX] Initialized MultithreadedTaskDispatcher with 12 workers.
[PhysX] Initialized MultithreadedTaskDispatcher with 12 workers.
 -> (artifact id: 'b56375521ffacbc3fee95fac7820f1e5') in 0.020990 seconds
Number of updated asset objects reloaded before import = 0
Number of asset objects unloaded after import = 2
========================================================================
Received Import Request.
  Time since last request: 0.054847 seconds.
  path: Assets/Visual/Mesh/bibli_Descent.asset
  artifactKey: Guid(d8c350f449970be44a5a28489f5ab023) Importer(815301076,1909f56bfc062723c751e8b465ee728b)
Start importing Assets/Visual/Mesh/bibli_Descent.asset using Guid(d8c350f449970be44a5a28489f5ab023) Importer(815301076,1909f56bfc062723c751e8b465ee728b) [PhysX] Initialized MultithreadedTaskDispatcher with 12 workers.
[PhysX] Initialized MultithreadedTaskDispatcher with 12 workers.
 -> (artifact id: '877e92c2620d8f5c2f3a79492005395a') in 0.010931 seconds
Number of updated asset objects reloaded before import = 0
Number of asset objects unloaded after import = 2
========================================================================
Received Import Request.
  Time since last request: 0.000115 seconds.
  path: Assets/Visual/Mesh/bibli_Rich.asset
  artifactKey: Guid(5400af8843179ad45ba364ee36f146d5) Importer(815301076,1909f56bfc062723c751e8b465ee728b)
Start importing Assets/Visual/Mesh/bibli_Rich.asset using Guid(5400af8843179ad45ba364ee36f146d5) Importer(815301076,1909f56bfc062723c751e8b465ee728b) [PhysX] Initialized MultithreadedTaskDispatcher with 12 workers.
[PhysX] Initialized MultithreadedTaskDispatcher with 12 workers.
 -> (artifact id: '59ff024710cd13ce04741f6eddba23e5') in 0.071269 seconds
Number of updated asset objects reloaded before import = 0
Number of asset objects unloaded after import = 2
========================================================================
Received Import Request.
  Time since last request: 0.000073 seconds.
  path: Assets/Visual/Mesh/Bottle.001.asset
  artifactKey: Guid(1ea58bd15b9d91f4b9aea7a000a89e1a) Importer(815301076,1909f56bfc062723c751e8b465ee728b)
Start importing Assets/Visual/Mesh/Bottle.001.asset using Guid(1ea58bd15b9d91f4b9aea7a000a89e1a) Importer(815301076,1909f56bfc062723c751e8b465ee728b) [PhysX] Initialized MultithreadedTaskDispatcher with 12 workers.
[PhysX] Initialized MultithreadedTaskDispatcher with 12 workers.
 -> (artifact id: 'c07ae05e6138df0135aa46e39291b541') in 0.013266 seconds
Number of updated asset objects reloaded before import = 0
Number of asset objects unloaded after import = 2
========================================================================
Received Import Request.
  Time since last request: 0.034825 seconds.
  path: Assets/Visual/Mesh/Box_01.asset
  artifactKey: Guid(e7e333c941b02014d95d966713f76c67) Importer(815301076,1909f56bfc062723c751e8b465ee728b)
Start importing Assets/Visual/Mesh/Box_01.asset using Guid(e7e333c941b02014d95d966713f76c67) Importer(815301076,1909f56bfc062723c751e8b465ee728b) [PhysX] Initialized MultithreadedTaskDispatcher with 12 workers.
[PhysX] Initialized MultithreadedTaskDispatcher with 12 workers.
 -> (artifact id: 'fae829d31c57f55486c6574e152c116d') in 0.041455 seconds
Number of updated asset objects reloaded before import = 0
Number of asset objects unloaded after import = 2
========================================================================
Received Import Request.
  Time since last request: 0.035750 seconds.
  path: Assets/Visual/Mesh/Building_00.asset
  artifactKey: Guid(abc6ceaa80d4d9e4c8f493193104630c) Importer(815301076,1909f56bfc062723c751e8b465ee728b)
Start importing Assets/Visual/Mesh/Building_00.asset using Guid(abc6ceaa80d4d9e4c8f493193104630c) Importer(815301076,1909f56bfc062723c751e8b465ee728b) [PhysX] Initialized MultithreadedTaskDispatcher with 12 workers.
[PhysX] Initialized MultithreadedTaskDispatcher with 12 workers.
 -> (artifact id: 'c7d919a25167852e5a4052ce72d774bd') in 0.014682 seconds
Number of updated asset objects reloaded before import = 0
Number of asset objects unloaded after import = 2
========================================================================
Received Import Request.
  Time since last request: 0.030482 seconds.
  path: Assets/Visual/Mesh/Building_02.asset
  artifactKey: Guid(6a574c2addaa3394a844ce6f4731bbc7) Importer(815301076,1909f56bfc062723c751e8b465ee728b)
Start importing Assets/Visual/Mesh/Building_02.asset using Guid(6a574c2addaa3394a844ce6f4731bbc7) Importer(815301076,1909f56bfc062723c751e8b465ee728b) [PhysX] Initialized MultithreadedTaskDispatcher with 12 workers.
[PhysX] Initialized MultithreadedTaskDispatcher with 12 workers.
 -> (artifact id: '225a904051ecdc70610c6a2dc6cba2c2') in 0.010259 seconds
Number of updated asset objects reloaded before import = 0
Number of asset objects unloaded after import = 2
========================================================================
Received Import Request.
  Time since last request: 0.009869 seconds.
  path: Assets/Visual/Mesh/Children_Poor.asset
  artifactKey: Guid(4564169b73d839b46a5a17988ae613f5) Importer(815301076,1909f56bfc062723c751e8b465ee728b)
Start importing Assets/Visual/Mesh/Children_Poor.asset using Guid(4564169b73d839b46a5a17988ae613f5) Importer(815301076,1909f56bfc062723c751e8b465ee728b) [PhysX] Initialized MultithreadedTaskDispatcher with 12 workers.
[PhysX] Initialized MultithreadedTaskDispatcher with 12 workers.
 -> (artifact id: '4885d63bc1049f9e1d07596f93ac76b7') in 0.028678 seconds
Number of updated asset objects reloaded before import = 0
Number of asset objects unloaded after import = 2
========================================================================
Received Import Request.
  Time since last request: 0.026794 seconds.
  path: Assets/Visual/Mesh/Children_Rich_Room.asset
  artifactKey: Guid(0ec9075a3d419bd43b24722f16a135fa) Importer(815301076,1909f56bfc062723c751e8b465ee728b)
Start importing Assets/Visual/Mesh/Children_Rich_Room.asset using Guid(0ec9075a3d419bd43b24722f16a135fa) Importer(815301076,1909f56bfc062723c751e8b465ee728b) [PhysX] Initialized MultithreadedTaskDispatcher with 12 workers.
[PhysX] Initialized MultithreadedTaskDispatcher with 12 workers.
 -> (artifact id: '3813b860b55066d9e2a68ac8e002557a') in 0.012072 seconds
Number of updated asset objects reloaded before import = 0
Number of asset objects unloaded after import = 2
========================================================================
Received Import Request.
  Time since last request: 0.032867 seconds.
  path: Assets/Visual/Mesh/Cinema_Poor.asset
  artifactKey: Guid(6874f553aced3114fb60d74af392baa9) Importer(815301076,1909f56bfc062723c751e8b465ee728b)
Start importing Assets/Visual/Mesh/Cinema_Poor.asset using Guid(6874f553aced3114fb60d74af392baa9) Importer(815301076,1909f56bfc062723c751e8b465ee728b) [PhysX] Initialized MultithreadedTaskDispatcher with 12 workers.
[PhysX] Initialized MultithreadedTaskDispatcher with 12 workers.
 -> (artifact id: '0582931faa0f34b74f0595f502c3845a') in 0.007356 seconds
Number of updated asset objects reloaded before import = 0
Number of asset objects unloaded after import = 2
========================================================================
Received Import Request.
  Time since last request: 0.021074 seconds.
  path: Assets/Visual/Mesh/Cinéma_Rich.asset
  artifactKey: Guid(2cd919164047a6e4da0c4529d253cbb1) Importer(815301076,1909f56bfc062723c751e8b465ee728b)
Start importing Assets/Visual/Mesh/Cinéma_Rich.asset using Guid(2cd919164047a6e4da0c4529d253cbb1) Importer(815301076,1909f56bfc062723c751e8b465ee728b) [PhysX] Initialized MultithreadedTaskDispatcher with 12 workers.
[PhysX] Initialized MultithreadedTaskDispatcher with 12 workers.
 -> (artifact id: '7ff5aab230294c02be146c98658196c9') in 0.009718 seconds
Number of updated asset objects reloaded before import = 0
Number of asset objects unloaded after import = 2
========================================================================
Received Import Request.
  Time since last request: 34.233430 seconds.
  path: Assets/Visual/Mesh/Cube.005.asset
  artifactKey: Guid(d9bdb6ae0b207b74e892a73cb8740f3b) Importer(815301076,1909f56bfc062723c751e8b465ee728b)
Start importing Assets/Visual/Mesh/Cube.005.asset using Guid(d9bdb6ae0b207b74e892a73cb8740f3b) Importer(815301076,1909f56bfc062723c751e8b465ee728b) [PhysX] Initialized MultithreadedTaskDispatcher with 12 workers.
[PhysX] Initialized MultithreadedTaskDispatcher with 12 workers.
 -> (artifact id: '75a3fa95c422d63986ee14172b7ac08e') in 0.029271 seconds
Number of updated asset objects reloaded before import = 0
Number of asset objects unloaded after import = 2
========================================================================
Received Import Request.
  Time since last request: 0.000114 seconds.
  path: Assets/Visual/Mesh/Cylindre.asset
  artifactKey: Guid(a17bb1e7a08cd0341926919e3771e038) Importer(815301076,1909f56bfc062723c751e8b465ee728b)
Start importing Assets/Visual/Mesh/Cylindre.asset using Guid(a17bb1e7a08cd0341926919e3771e038) Importer(815301076,1909f56bfc062723c751e8b465ee728b) [PhysX] Initialized MultithreadedTaskDispatcher with 12 workers.
[PhysX] Initialized MultithreadedTaskDispatcher with 12 workers.
 -> (artifact id: '697d7830c4716095e7c3c57672907301') in 0.077328 seconds
Number of updated asset objects reloaded before import = 0
Number of asset objects unloaded after import = 2
========================================================================
Received Import Request.
  Time since last request: 0.000027 seconds.
  path: Assets/Visual/Mesh/Door.001.asset
  artifactKey: Guid(6246f49699dc2314eb31f8f28e5bf9e7) Importer(815301076,1909f56bfc062723c751e8b465ee728b)
Start importing Assets/Visual/Mesh/Door.001.asset using Guid(6246f49699dc2314eb31f8f28e5bf9e7) Importer(815301076,1909f56bfc062723c751e8b465ee728b) [PhysX] Initialized MultithreadedTaskDispatcher with 12 workers.
[PhysX] Initialized MultithreadedTaskDispatcher with 12 workers.
 -> (artifact id: 'b6f9e6b0618712f8e356654f1799a3b6') in 0.077726 seconds
Number of updated asset objects reloaded before import = 0
Number of asset objects unloaded after import = 2
========================================================================
Received Import Request.
  Time since last request: 0.000138 seconds.
  path: Assets/Visual/Mesh/Door_Descent_02.asset
  artifactKey: Guid(bbfbd1effe78c9e42885803aac0148e5) Importer(815301076,1909f56bfc062723c751e8b465ee728b)
Start importing Assets/Visual/Mesh/Door_Descent_02.asset using Guid(bbfbd1effe78c9e42885803aac0148e5) Importer(815301076,1909f56bfc062723c751e8b465ee728b) [PhysX] Initialized MultithreadedTaskDispatcher with 12 workers.
[PhysX] Initialized MultithreadedTaskDispatcher with 12 workers.
 -> (artifact id: '145536c25aced4df14dd50f4d18a7b0f') in 0.010693 seconds
Number of updated asset objects reloaded before import = 0
Number of asset objects unloaded after import = 2
========================================================================
Received Import Request.
  Time since last request: 0.081236 seconds.
  path: Assets/Visual/Mesh/Door_Poor_000.asset
  artifactKey: Guid(dc16c508433e94b47921540a5aa2e884) Importer(815301076,1909f56bfc062723c751e8b465ee728b)
Start importing Assets/Visual/Mesh/Door_Poor_000.asset using Guid(dc16c508433e94b47921540a5aa2e884) Importer(815301076,1909f56bfc062723c751e8b465ee728b) [PhysX] Initialized MultithreadedTaskDispatcher with 12 workers.
[PhysX] Initialized MultithreadedTaskDispatcher with 12 workers.
 -> (artifact id: 'c61c683215addc3b9ade29154086365c') in 0.009419 seconds
Number of updated asset objects reloaded before import = 0
Number of asset objects unloaded after import = 2
========================================================================
Received Import Request.
  Time since last request: 0.090765 seconds.
  path: Assets/Visual/Mesh/Door_Rich_00.asset
  artifactKey: Guid(94bf4747be74e53498f7e386aae4f203) Importer(815301076,1909f56bfc062723c751e8b465ee728b)
Start importing Assets/Visual/Mesh/Door_Rich_00.asset using Guid(94bf4747be74e53498f7e386aae4f203) Importer(815301076,1909f56bfc062723c751e8b465ee728b) [PhysX] Initialized MultithreadedTaskDispatcher with 12 workers.
[PhysX] Initialized MultithreadedTaskDispatcher with 12 workers.
 -> (artifact id: '7ffd89e4757e8858bf33cd14a1e7edeb') in 0.009943 seconds
Number of updated asset objects reloaded before import = 0
Number of asset objects unloaded after import = 2
========================================================================
Received Import Request.
  Time since last request: 0.029072 seconds.
  path: Assets/Visual/Mesh/Door_Rich_02.asset
  artifactKey: Guid(aa2ef794712516d4789acc2e2514bdd8) Importer(815301076,1909f56bfc062723c751e8b465ee728b)
Start importing Assets/Visual/Mesh/Door_Rich_02.asset using Guid(aa2ef794712516d4789acc2e2514bdd8) Importer(815301076,1909f56bfc062723c751e8b465ee728b) [PhysX] Initialized MultithreadedTaskDispatcher with 12 workers.
[PhysX] Initialized MultithreadedTaskDispatcher with 12 workers.
 -> (artifact id: '96f78ae3df1b86d8707da52820083e0c') in 0.009813 seconds
Number of updated asset objects reloaded before import = 0
Number of asset objects unloaded after import = 2
========================================================================
Received Import Request.
  Time since last request: 0.050334 seconds.
  path: Assets/Visual/Mesh/EndLevel_Green.asset
  artifactKey: Guid(b24c83dca6b835a478b76cc8293eb06d) Importer(815301076,1909f56bfc062723c751e8b465ee728b)
Start importing Assets/Visual/Mesh/EndLevel_Green.asset using Guid(b24c83dca6b835a478b76cc8293eb06d) Importer(815301076,1909f56bfc062723c751e8b465ee728b) [PhysX] Initialized MultithreadedTaskDispatcher with 12 workers.
[PhysX] Initialized MultithreadedTaskDispatcher with 12 workers.
 -> (artifact id: 'bf1149e94f125bd8e560223b578f77e6') in 0.008318 seconds
Number of updated asset objects reloaded before import = 0
Number of asset objects unloaded after import = 2
========================================================================
Received Import Request.
  Time since last request: 0.047056 seconds.
  path: Assets/Visual/Mesh/Flag.asset
  artifactKey: Guid(a86571cc70d994c43b551b1354b8f1ec) Importer(815301076,1909f56bfc062723c751e8b465ee728b)
Start importing Assets/Visual/Mesh/Flag.asset using Guid(a86571cc70d994c43b551b1354b8f1ec) Importer(815301076,1909f56bfc062723c751e8b465ee728b) [PhysX] Initialized MultithreadedTaskDispatcher with 12 workers.
[PhysX] Initialized MultithreadedTaskDispatcher with 12 workers.
 -> (artifact id: '96c1ab8d250456ed49851a1d9f9e3d5a') in 0.009469 seconds
Number of updated asset objects reloaded before import = 0
Number of asset objects unloaded after import = 2
========================================================================
Received Import Request.
  Time since last request: 0.002662 seconds.
  path: Assets/Visual/Mesh/flower_Bouquet.asset
  artifactKey: Guid(4c47f9b1ffa52bb459b254b610f7e6a7) Importer(815301076,1909f56bfc062723c751e8b465ee728b)
Start importing Assets/Visual/Mesh/flower_Bouquet.asset using Guid(4c47f9b1ffa52bb459b254b610f7e6a7) Importer(815301076,1909f56bfc062723c751e8b465ee728b) [PhysX] Initialized MultithreadedTaskDispatcher with 12 workers.
[PhysX] Initialized MultithreadedTaskDispatcher with 12 workers.
 -> (artifact id: 'fc26209ea17a3ae3c32ed4dc3d4265de') in 0.010364 seconds
Number of updated asset objects reloaded before import = 0
Number of asset objects unloaded after import = 2
========================================================================
Received Import Request.
  Time since last request: 0.003109 seconds.
  path: Assets/Visual/Mesh/Gaming_Poor.asset
  artifactKey: Guid(45ee30a416ffad74fb0522ba82ff2c8b) Importer(815301076,1909f56bfc062723c751e8b465ee728b)
Start importing Assets/Visual/Mesh/Gaming_Poor.asset using Guid(45ee30a416ffad74fb0522ba82ff2c8b) Importer(815301076,1909f56bfc062723c751e8b465ee728b) [PhysX] Initialized MultithreadedTaskDispatcher with 12 workers.
[PhysX] Initialized MultithreadedTaskDispatcher with 12 workers.
 -> (artifact id: '7a0c801537a47d2502c48066eba018b5') in 0.007664 seconds
Number of updated asset objects reloaded before import = 0
Number of asset objects unloaded after import = 2
========================================================================
Received Import Request.
  Time since last request: 0.000017 seconds.
  path: Assets/Visual/Mesh/Garage_Descent.asset
  artifactKey: Guid(9b40adbf88900b14897a2887c283204c) Importer(815301076,1909f56bfc062723c751e8b465ee728b)
Start importing Assets/Visual/Mesh/Garage_Descent.asset using Guid(9b40adbf88900b14897a2887c283204c) Importer(815301076,1909f56bfc062723c751e8b465ee728b) [PhysX] Initialized MultithreadedTaskDispatcher with 12 workers.
[PhysX] Initialized MultithreadedTaskDispatcher with 12 workers.
 -> (artifact id: 'a9d864ae35c130993a4dd2e9b7771618') in 0.011236 seconds
Number of updated asset objects reloaded before import = 0
Number of asset objects unloaded after import = 2
========================================================================
Received Import Request.
  Time since last request: 0.000023 seconds.
  path: Assets/Visual/Mesh/Garage_Rich.asset
  artifactKey: Guid(c3c3d59372dd407408fccaee10673830) Importer(815301076,1909f56bfc062723c751e8b465ee728b)
Start importing Assets/Visual/Mesh/Garage_Rich.asset using Guid(c3c3d59372dd407408fccaee10673830) Importer(815301076,1909f56bfc062723c751e8b465ee728b) [PhysX] Initialized MultithreadedTaskDispatcher with 12 workers.
[PhysX] Initialized MultithreadedTaskDispatcher with 12 workers.
 -> (artifact id: '4b15cee143785dac62341d7aeab6a2e0') in 0.201998 seconds
Number of updated asset objects reloaded before import = 0
Number of asset objects unloaded after import = 2
========================================================================
Received Import Request.
  Time since last request: 0.000040 seconds.
  path: Assets/Visual/Mesh/Garage_Poor.asset
  artifactKey: Guid(ad0fe93df4570cc4c987b40cc9081d8f) Importer(815301076,1909f56bfc062723c751e8b465ee728b)
Start importing Assets/Visual/Mesh/Garage_Poor.asset using Guid(ad0fe93df4570cc4c987b40cc9081d8f) Importer(815301076,1909f56bfc062723c751e8b465ee728b) [PhysX] Initialized MultithreadedTaskDispatcher with 12 workers.
[PhysX] Initialized MultithreadedTaskDispatcher with 12 workers.
 -> (artifact id: 'dd63bfccf93afcb878da70730a3e404d') in 0.007010 seconds
Number of updated asset objects reloaded before import = 0
Number of asset objects unloaded after import = 2
========================================================================
Received Import Request.
  Time since last request: 191.866092 seconds.
  path: Assets/Visual/Mesh/Geisha_Millionaire.asset
  artifactKey: Guid(c01f825ad657e6b4cafe4aa0ed8c8cba) Importer(815301076,1909f56bfc062723c751e8b465ee728b)
Start importing Assets/Visual/Mesh/Geisha_Millionaire.asset using Guid(c01f825ad657e6b4cafe4aa0ed8c8cba) Importer(815301076,1909f56bfc062723c751e8b465ee728b) [PhysX] Initialized MultithreadedTaskDispatcher with 12 workers.
[PhysX] Initialized MultithreadedTaskDispatcher with 12 workers.
 -> (artifact id: '244496a8e5f0b793e80c29ba7a453716') in 0.042005 seconds
Number of updated asset objects reloaded before import = 0
Number of asset objects unloaded after import = 2
========================================================================
Received Import Request.
  Time since last request: 0.684198 seconds.
  path: Assets/Visual/Mesh/Grass.asset
  artifactKey: Guid(2d485f6b09923ca4ab56c73dbd006e86) Importer(815301076,1909f56bfc062723c751e8b465ee728b)
Start importing Assets/Visual/Mesh/Grass.asset using Guid(2d485f6b09923ca4ab56c73dbd006e86) Importer(815301076,1909f56bfc062723c751e8b465ee728b) [PhysX] Initialized MultithreadedTaskDispatcher with 12 workers.
[PhysX] Initialized MultithreadedTaskDispatcher with 12 workers.
 -> (artifact id: '33b0c0ad9c94aa4eb3ab4f94368aac47') in 0.039493 seconds
Number of updated asset objects reloaded before import = 0
Number of asset objects unloaded after import = 2
========================================================================
Received Import Request.
  Time since last request: 0.000217 seconds.
  path: Assets/Visual/Mesh/ground.asset
  artifactKey: Guid(8d83e908cee481e489d875e08811e118) Importer(815301076,1909f56bfc062723c751e8b465ee728b)
Start importing Assets/Visual/Mesh/ground.asset using Guid(8d83e908cee481e489d875e08811e118) Importer(815301076,1909f56bfc062723c751e8b465ee728b) [PhysX] Initialized MultithreadedTaskDispatcher with 12 workers.
[PhysX] Initialized MultithreadedTaskDispatcher with 12 workers.
 -> (artifact id: '4e45ee4dfae635324536e63e14f9062c') in 0.015457 seconds
Number of updated asset objects reloaded before import = 0
Number of asset objects unloaded after import = 2
========================================================================
Received Import Request.
  Time since last request: 18.795054 seconds.
  path: Assets/Visual/Material/BadDoor.mat
  artifactKey: Guid(cbb7f88be074ea84f9d3fb2b860e8783) Importer(815301076,1909f56bfc062723c751e8b465ee728b)
Start importing Assets/Visual/Material/BadDoor.mat using Guid(cbb7f88be074ea84f9d3fb2b860e8783) Importer(815301076,1909f56bfc062723c751e8b465ee728b) [PhysX] Initialized MultithreadedTaskDispatcher with 12 workers.
[PhysX] Initialized MultithreadedTaskDispatcher with 12 workers.
 -> (artifact id: '9a10dd77b96b5470cb7ca2cc95d2e873') in 0.479597 seconds
Number of updated asset objects reloaded before import = 0
Number of asset objects unloaded after import = 1
========================================================================
Received Import Request.
  Time since last request: 0.000015 seconds.
  path: Assets/Visual/Material/Checkpoints.mat
  artifactKey: Guid(e9a94913fff40254dac1dce0b314a7e9) Importer(815301076,1909f56bfc062723c751e8b465ee728b)
Start importing Assets/Visual/Material/Checkpoints.mat using Guid(e9a94913fff40254dac1dce0b314a7e9) Importer(815301076,1909f56bfc062723c751e8b465ee728b) [PhysX] Initialized MultithreadedTaskDispatcher with 12 workers.
[PhysX] Initialized MultithreadedTaskDispatcher with 12 workers.
 -> (artifact id: 'b5be46624c03c668892194b54d8c5cf8') in 0.032039 seconds
Number of updated asset objects reloaded before import = 0
Number of asset objects unloaded after import = 1
========================================================================
Received Import Request.
  Time since last request: 0.000025 seconds.
  path: Assets/Visual/Material/Carpet.mat
  artifactKey: Guid(3bbe1269ae617eb49ac4dd0b505c1bfd) Importer(815301076,1909f56bfc062723c751e8b465ee728b)
Start importing Assets/Visual/Material/Carpet.mat using Guid(3bbe1269ae617eb49ac4dd0b505c1bfd) Importer(815301076,1909f56bfc062723c751e8b465ee728b) [PhysX] Initialized MultithreadedTaskDispatcher with 12 workers.
[PhysX] Initialized MultithreadedTaskDispatcher with 12 workers.
 -> (artifact id: '61cc67b02de31d36c34403090c36c5ca') in 0.004894 seconds
Number of updated asset objects reloaded before import = 0
Number of asset objects unloaded after import = 1
========================================================================
Received Import Request.
  Time since last request: 0.000016 seconds.
  path: Assets/Visual/Material/ContinueRichItemDisable.mat
  artifactKey: Guid(9cea4d4be33ce584585da14243bd7fc3) Importer(815301076,1909f56bfc062723c751e8b465ee728b)
Start importing Assets/Visual/Material/ContinueRichItemDisable.mat using Guid(9cea4d4be33ce584585da14243bd7fc3) Importer(815301076,1909f56bfc062723c751e8b465ee728b) [PhysX] Initialized MultithreadedTaskDispatcher with 12 workers.
[PhysX] Initialized MultithreadedTaskDispatcher with 12 workers.
 -> (artifact id: '5842f66450fc2b864a7b452790f584c2') in 0.023035 seconds
Number of updated asset objects reloaded before import = 0
Number of asset objects unloaded after import = 1
========================================================================
Received Import Request.
  Time since last request: 0.000111 seconds.
  path: Assets/Visual/Material/ContinueRichItemEnable.mat
  artifactKey: Guid(88da289240f7d7447a154e13092d6363) Importer(815301076,1909f56bfc062723c751e8b465ee728b)
Start importing Assets/Visual/Material/ContinueRichItemEnable.mat using Guid(88da289240f7d7447a154e13092d6363) Importer(815301076,1909f56bfc062723c751e8b465ee728b) [PhysX] Initialized MultithreadedTaskDispatcher with 12 workers.
[PhysX] Initialized MultithreadedTaskDispatcher with 12 workers.
 -> (artifact id: '31faf7a385914bdea6a25ab1c65d12e4') in 0.037795 seconds
Number of updated asset objects reloaded before import = 0
Number of asset objects unloaded after import = 1
========================================================================
Received Import Request.
  Time since last request: 0.000119 seconds.
  path: Assets/Visual/Material/enviro_mat.mat
  artifactKey: Guid(c23491a564ddff7469273fef81bb6647) Importer(815301076,1909f56bfc062723c751e8b465ee728b)
Start importing Assets/Visual/Material/enviro_mat.mat using Guid(c23491a564ddff7469273fef81bb6647) Importer(815301076,1909f56bfc062723c751e8b465ee728b) [PhysX] Initialized MultithreadedTaskDispatcher with 12 workers.
[PhysX] Initialized MultithreadedTaskDispatcher with 12 workers.
 -> (artifact id: '0fb6e80f321480b9eae8586df5c98ff9') in 0.005701 seconds
Number of updated asset objects reloaded before import = 0
Number of asset objects unloaded after import = 1
========================================================================
Received Import Request.
  Time since last request: 0.000023 seconds.
  path: Assets/Visual/Material/GoodDoor.mat
  artifactKey: Guid(1ee28dc2d3d45a24690d2a2247d74976) Importer(815301076,1909f56bfc062723c751e8b465ee728b)
Start importing Assets/Visual/Material/GoodDoor.mat using Guid(1ee28dc2d3d45a24690d2a2247d74976) Importer(815301076,1909f56bfc062723c751e8b465ee728b) [PhysX] Initialized MultithreadedTaskDispatcher with 12 workers.
[PhysX] Initialized MultithreadedTaskDispatcher with 12 workers.
 -> (artifact id: '2c07179dda15097187a59c99cd7efbb3') in 0.005909 seconds
Number of updated asset objects reloaded before import = 0
Number of asset objects unloaded after import = 1
========================================================================
Received Import Request.
  Time since last request: 0.000026 seconds.
  path: Assets/Visual/Material/Grass 1.mat
  artifactKey: Guid(d2443335f8221a04386cf4109c7e0cf0) Importer(815301076,1909f56bfc062723c751e8b465ee728b)
Start importing Assets/Visual/Material/Grass 1.mat using Guid(d2443335f8221a04386cf4109c7e0cf0) Importer(815301076,1909f56bfc062723c751e8b465ee728b) [PhysX] Initialized MultithreadedTaskDispatcher with 12 workers.
[PhysX] Initialized MultithreadedTaskDispatcher with 12 workers.
 -> (artifact id: 'e08bcdedb8310ac5e6cb9ba3e5e428b4') in 0.031843 seconds
Number of updated asset objects reloaded before import = 0
Number of asset objects unloaded after import = 1
========================================================================
Received Import Request.
  Time since last request: 0.000096 seconds.
  path: Assets/Visual/Material/Ground.mat
  artifactKey: Guid(3ac7058ff7e327e44a8b3c55c8018760) Importer(815301076,1909f56bfc062723c751e8b465ee728b)
Start importing Assets/Visual/Material/Ground.mat using Guid(3ac7058ff7e327e44a8b3c55c8018760) Importer(815301076,1909f56bfc062723c751e8b465ee728b) [PhysX] Initialized MultithreadedTaskDispatcher with 12 workers.
[PhysX] Initialized MultithreadedTaskDispatcher with 12 workers.
 -> (artifact id: '826b2944614ffd44029f2eee04cc0b95') in 0.036727 seconds
Number of updated asset objects reloaded before import = 0
Number of asset objects unloaded after import = 1
========================================================================
Received Import Request.
  Time since last request: 0.000412 seconds.
  path: Assets/Visual/Material/ContinuePoorItemEnable.mat
  artifactKey: Guid(ccc06847581350d4bbfd088847c9dfd8) Importer(815301076,1909f56bfc062723c751e8b465ee728b)
Start importing Assets/Visual/Material/ContinuePoorItemEnable.mat using Guid(ccc06847581350d4bbfd088847c9dfd8) Importer(815301076,1909f56bfc062723c751e8b465ee728b) [PhysX] Initialized MultithreadedTaskDispatcher with 12 workers.
[PhysX] Initialized MultithreadedTaskDispatcher with 12 workers.
 -> (artifact id: 'b2b5a51357e955875576a77a7a6db17e') in 0.042343 seconds
Number of updated asset objects reloaded before import = 0
Number of asset objects unloaded after import = 1
========================================================================
Received Import Request.
  Time since last request: 0.000018 seconds.
  path: Assets/Visual/Material/Ground2.mat
  artifactKey: Guid(4e36653334a3e864196695e99d536f9a) Importer(815301076,1909f56bfc062723c751e8b465ee728b)
Start importing Assets/Visual/Material/Ground2.mat using Guid(4e36653334a3e864196695e99d536f9a) Importer(815301076,1909f56bfc062723c751e8b465ee728b) [PhysX] Initialized MultithreadedTaskDispatcher with 12 workers.
[PhysX] Initialized MultithreadedTaskDispatcher with 12 workers.
 -> (artifact id: '8a5b385445e7663c483e0c2a2dd45cba') in 0.005006 seconds
Number of updated asset objects reloaded before import = 0
Number of asset objects unloaded after import = 1
========================================================================
Received Import Request.
  Time since last request: 0.024773 seconds.
  path: Assets/Visual/Material/Krach.mat
  artifactKey: Guid(52a712e69f570ea4c9edff518383041c) Importer(815301076,1909f56bfc062723c751e8b465ee728b)
Start importing Assets/Visual/Material/Krach.mat using Guid(52a712e69f570ea4c9edff518383041c) Importer(815301076,1909f56bfc062723c751e8b465ee728b) [PhysX] Initialized MultithreadedTaskDispatcher with 12 workers.
[PhysX] Initialized MultithreadedTaskDispatcher with 12 workers.
 -> (artifact id: '07063b17e2df18580385ec637ad9188d') in 0.018037 seconds
Number of updated asset objects reloaded before import = 0
Number of asset objects unloaded after import = 1
========================================================================
Received Import Request.
  Time since last request: 0.028660 seconds.
  path: Assets/Visual/Material/light_blend.mat
  artifactKey: Guid(e4344ba4361a2734a8105ac097041d24) Importer(815301076,1909f56bfc062723c751e8b465ee728b)
Start importing Assets/Visual/Material/light_blend.mat using Guid(e4344ba4361a2734a8105ac097041d24) Importer(815301076,1909f56bfc062723c751e8b465ee728b) [PhysX] Initialized MultithreadedTaskDispatcher with 12 workers.
[PhysX] Initialized MultithreadedTaskDispatcher with 12 workers.
 -> (artifact id: '6d2841915ba366dce83b53cda7e1b1e1') in 0.029833 seconds
Number of updated asset objects reloaded before import = 0
Number of asset objects unloaded after import = 1
========================================================================
Received Import Request.
  Time since last request: 0.000019 seconds.
  path: Assets/Visual/Material/MainFont-Shadow.mat
  artifactKey: Guid(d89e1a172008539419c2095503fce9e3) Importer(815301076,1909f56bfc062723c751e8b465ee728b)
Start importing Assets/Visual/Material/MainFont-Shadow.mat using Guid(d89e1a172008539419c2095503fce9e3) Importer(815301076,1909f56bfc062723c751e8b465ee728b) [PhysX] Initialized MultithreadedTaskDispatcher with 12 workers.
[PhysX] Initialized MultithreadedTaskDispatcher with 12 workers.
 -> (artifact id: '431873a603644f877129d93f55d72946') in 0.004687 seconds
Number of updated asset objects reloaded before import = 0
Number of asset objects unloaded after import = 1
========================================================================
Received Import Request.
  Time since last request: 0.000126 seconds.
  path: Assets/Visual/Material/MainFont-Win.mat
  artifactKey: Guid(481d3cb29e589204ba9740478635751b) Importer(815301076,1909f56bfc062723c751e8b465ee728b)
Start importing Assets/Visual/Material/MainFont-Win.mat using Guid(481d3cb29e589204ba9740478635751b) Importer(815301076,1909f56bfc062723c751e8b465ee728b) [PhysX] Initialized MultithreadedTaskDispatcher with 12 workers.
[PhysX] Initialized MultithreadedTaskDispatcher with 12 workers.
 -> (artifact id: 'c7f5ca27be77c27b8aa556a44f02ac99') in 0.047834 seconds
Number of updated asset objects reloaded before import = 0
Number of asset objects unloaded after import = 1
========================================================================
Received Import Request.
  Time since last request: 0.000119 seconds.
  path: Assets/Visual/Material/PaperBloc.mat
  artifactKey: Guid(ac8b8ff599e422041b9b161354da494b) Importer(815301076,1909f56bfc062723c751e8b465ee728b)
Start importing Assets/Visual/Material/PaperBloc.mat using Guid(ac8b8ff599e422041b9b161354da494b) Importer(815301076,1909f56bfc062723c751e8b465ee728b) [PhysX] Initialized MultithreadedTaskDispatcher with 12 workers.
[PhysX] Initialized MultithreadedTaskDispatcher with 12 workers.
 -> (artifact id: '33010c107d0fc3f9f12a538e1b23020f') in 0.005668 seconds
Number of updated asset objects reloaded before import = 0
Number of asset objects unloaded after import = 1
========================================================================
Received Import Request.
  Time since last request: 0.000111 seconds.
  path: Assets/Visual/Material/player_mat.mat
  artifactKey: Guid(b30547bf975d96d49bec64f95f78512a) Importer(815301076,1909f56bfc062723c751e8b465ee728b)
Start importing Assets/Visual/Material/player_mat.mat using Guid(b30547bf975d96d49bec64f95f78512a) Importer(815301076,1909f56bfc062723c751e8b465ee728b) [PhysX] Initialized MultithreadedTaskDispatcher with 12 workers.
[PhysX] Initialized MultithreadedTaskDispatcher with 12 workers.
 -> (artifact id: '27fc7b4c3f5d270db88a0c3a3fb632fa') in 0.005356 seconds
Number of updated asset objects reloaded before import = 0
Number of asset objects unloaded after import = 1
========================================================================
Received Import Request.
  Time since last request: 0.000070 seconds.
  path: Assets/Visual/Material/player_mat_Shop 1.mat
  artifactKey: Guid(3c6570e64fe8a7f4eb21e87ce83294a5) Importer(815301076,1909f56bfc062723c751e8b465ee728b)
Start importing Assets/Visual/Material/player_mat_Shop 1.mat using Guid(3c6570e64fe8a7f4eb21e87ce83294a5) Importer(815301076,1909f56bfc062723c751e8b465ee728b) [PhysX] Initialized MultithreadedTaskDispatcher with 12 workers.
[PhysX] Initialized MultithreadedTaskDispatcher with 12 workers.
 -> (artifact id: '9258e0ac530a3e821932cebe796b677d') in 0.005146 seconds
Number of updated asset objects reloaded before import = 0
Number of asset objects unloaded after import = 1
========================================================================
Received Import Request.
  Time since last request: 0.000016 seconds.
  path: Assets/Visual/Material/PolygonTown_03_A.mat
  artifactKey: Guid(5cdd9c81b0462874ca55f0397290f403) Importer(815301076,1909f56bfc062723c751e8b465ee728b)
Start importing Assets/Visual/Material/PolygonTown_03_A.mat using Guid(5cdd9c81b0462874ca55f0397290f403) Importer(815301076,1909f56bfc062723c751e8b465ee728b) [PhysX] Initialized MultithreadedTaskDispatcher with 12 workers.
[PhysX] Initialized MultithreadedTaskDispatcher with 12 workers.
 -> (artifact id: '9316d3beb44633d87807641275b5c8f7') in 0.005767 seconds
Number of updated asset objects reloaded before import = 0
Number of asset objects unloaded after import = 1
========================================================================
Received Import Request.
  Time since last request: 0.000209 seconds.
  path: Assets/Visual/Material/Plane_Finish.mat
  artifactKey: Guid(104b05068255f76408542d0735fee269) Importer(815301076,1909f56bfc062723c751e8b465ee728b)
Start importing Assets/Visual/Material/Plane_Finish.mat using Guid(104b05068255f76408542d0735fee269) Importer(815301076,1909f56bfc062723c751e8b465ee728b) [PhysX] Initialized MultithreadedTaskDispatcher with 12 workers.
[PhysX] Initialized MultithreadedTaskDispatcher with 12 workers.
 -> (artifact id: 'a401ca56f2d6cea3bffd1399e84a63d0') in 0.005681 seconds
Number of updated asset objects reloaded before import = 0
Number of asset objects unloaded after import = 1
========================================================================
Received Import Request.
  Time since last request: 0.000084 seconds.
  path: Assets/Visual/Material/props_flat.mat
  artifactKey: Guid(a909d2f58c2947742bb718d08792f128) Importer(815301076,1909f56bfc062723c751e8b465ee728b)
Start importing Assets/Visual/Material/props_flat.mat using Guid(a909d2f58c2947742bb718d08792f128) Importer(815301076,1909f56bfc062723c751e8b465ee728b) [PhysX] Initialized MultithreadedTaskDispatcher with 12 workers.
[PhysX] Initialized MultithreadedTaskDispatcher with 12 workers.
 -> (artifact id: 'e2b4f28c93b393a79eae991052e4ac22') in 0.004317 seconds
Number of updated asset objects reloaded before import = 0
Number of asset objects unloaded after import = 1
========================================================================
Received Import Request.
  Time since last request: 0.000102 seconds.
  path: Assets/Visual/Material/Props_Gem.mat
  artifactKey: Guid(b34e094d0b93668429d99d6f73c8236f) Importer(815301076,1909f56bfc062723c751e8b465ee728b)
Start importing Assets/Visual/Material/Props_Gem.mat using Guid(b34e094d0b93668429d99d6f73c8236f) Importer(815301076,1909f56bfc062723c751e8b465ee728b) [PhysX] Initialized MultithreadedTaskDispatcher with 12 workers.
[PhysX] Initialized MultithreadedTaskDispatcher with 12 workers.
 -> (artifact id: '21690fab8a635662f5811c30f9dea410') in 0.004789 seconds
Number of updated asset objects reloaded before import = 0
Number of asset objects unloaded after import = 1
========================================================================
Received Import Request.
  Time since last request: 0.000191 seconds.
  path: Assets/Visual/Material/ramp-ground.mat
  artifactKey: Guid(3fbe5ce5635845244ac002fee5fb0077) Importer(815301076,1909f56bfc062723c751e8b465ee728b)
Start importing Assets/Visual/Material/ramp-ground.mat using Guid(3fbe5ce5635845244ac002fee5fb0077) Importer(815301076,1909f56bfc062723c751e8b465ee728b) [PhysX] Initialized MultithreadedTaskDispatcher with 12 workers.
[PhysX] Initialized MultithreadedTaskDispatcher with 12 workers.
 -> (artifact id: '96669e5cc64e1b0361118068e804ff9e') in 0.005204 seconds
Number of updated asset objects reloaded before import = 0
Number of asset objects unloaded after import = 1
========================================================================
Received Import Request.
  Time since last request: 0.000026 seconds.
  path: Assets/Visual/Material/skybox.mat
  artifactKey: Guid(233dbd288a35f2e42a9cc4c908c65217) Importer(815301076,1909f56bfc062723c751e8b465ee728b)
Start importing Assets/Visual/Material/skybox.mat using Guid(233dbd288a35f2e42a9cc4c908c65217) Importer(815301076,1909f56bfc062723c751e8b465ee728b) [PhysX] Initialized MultithreadedTaskDispatcher with 12 workers.
[PhysX] Initialized MultithreadedTaskDispatcher with 12 workers.
 -> (artifact id: '0ac28283543671ddf92df0dd2d21ba68') in 0.032664 seconds
Number of updated asset objects reloaded before import = 0
Number of asset objects unloaded after import = 1
========================================================================
Received Import Request.
  Time since last request: 1.485194 seconds.
  path: Assets/Visual/Material/stairs.mat
  artifactKey: Guid(c8770c2d5bb330e4fbee915522c9ab58) Importer(815301076,1909f56bfc062723c751e8b465ee728b)
Start importing Assets/Visual/Material/stairs.mat using Guid(c8770c2d5bb330e4fbee915522c9ab58) Importer(815301076,1909f56bfc062723c751e8b465ee728b) [PhysX] Initialized MultithreadedTaskDispatcher with 12 workers.
[PhysX] Initialized MultithreadedTaskDispatcher with 12 workers.
 -> (artifact id: 'a05e376903091a45a7c8ee693c997525') in 0.013637 seconds
Number of updated asset objects reloaded before import = 0
Number of asset objects unloaded after import = 1
========================================================================
Received Import Request.
  Time since last request: 0.038408 seconds.
  path: Assets/Visual/Material/TextMeshPro_Sprite_0.mat
  artifactKey: Guid(de6908725e22ae14ba37b0f45e1a67d4) Importer(815301076,1909f56bfc062723c751e8b465ee728b)
Start importing Assets/Visual/Material/TextMeshPro_Sprite_0.mat using Guid(de6908725e22ae14ba37b0f45e1a67d4) Importer(815301076,1909f56bfc062723c751e8b465ee728b) [PhysX] Initialized MultithreadedTaskDispatcher with 12 workers.
[PhysX] Initialized MultithreadedTaskDispatcher with 12 workers.
 -> (artifact id: '18e97a6aa02dc7b4be2408b7eba5f08c') in 0.004587 seconds
Number of updated asset objects reloaded before import = 0
Number of asset objects unloaded after import = 1
========================================================================
Received Import Request.
  Time since last request: 0.016287 seconds.
  path: Assets/Visual/Material/tothemoon.mat
  artifactKey: Guid(7762443c9f256a0468007a96ab4fe380) Importer(815301076,1909f56bfc062723c751e8b465ee728b)
Start importing Assets/Visual/Material/tothemoon.mat using Guid(7762443c9f256a0468007a96ab4fe380) Importer(815301076,1909f56bfc062723c751e8b465ee728b) [PhysX] Initialized MultithreadedTaskDispatcher with 12 workers.
[PhysX] Initialized MultithreadedTaskDispatcher with 12 workers.
 -> (artifact id: '53326e5c747f560c534ac6ceb5fbd23f') in 0.004371 seconds
Number of updated asset objects reloaded before import = 0
Number of asset objects unloaded after import = 1
========================================================================
Received Import Request.
  Time since last request: 6.789887 seconds.
  path: Assets/Visual/Texture2D/Materials/water_dark.mat
  artifactKey: Guid(da58d211cf0b410468f5bcf23a00223e) Importer(815301076,1909f56bfc062723c751e8b465ee728b)
Start importing Assets/Visual/Texture2D/Materials/water_dark.mat using Guid(da58d211cf0b410468f5bcf23a00223e) Importer(815301076,1909f56bfc062723c751e8b465ee728b) [PhysX] Initialized MultithreadedTaskDispatcher with 12 workers.
[PhysX] Initialized MultithreadedTaskDispatcher with 12 workers.
 -> (artifact id: '7c0b0eb7843e3c4b60fafcd90993769d') in 0.107773 seconds
Number of updated asset objects reloaded before import = 0
Number of asset objects unloaded after import = 2
========================================================================
Received Import Request.
  Time since last request: 3.962303 seconds.
  path: Assets/Visual/Mesh/LowPoly/dollar.fbx
  artifactKey: Guid(1a7248d6e93824547b7b06b765ef5252) Importer(815301076,1909f56bfc062723c751e8b465ee728b)
Start importing Assets/Visual/Mesh/LowPoly/dollar.fbx using Guid(1a7248d6e93824547b7b06b765ef5252) Importer(815301076,1909f56bfc062723c751e8b465ee728b) [PhysX] Initialized MultithreadedTaskDispatcher with 12 workers.
[PhysX] Initialized MultithreadedTaskDispatcher with 12 workers.
[PhysX] Initialized MultithreadedTaskDispatcher with 12 workers.
[PhysX] Initialized MultithreadedTaskDispatcher with 12 workers.
 -> (artifact id: '6d22dc9ebdf6f18632eaecabc0236b06') in 0.259802 seconds
Number of updated asset objects reloaded before import = 0
Number of asset objects unloaded after import = 9
========================================================================
Received Import Request.
  Time since last request: 0.000021 seconds.
  path: Assets/Visual/Mesh/LowPoly/Door_Million.fbx
  artifactKey: Guid(eee79981f86a71846bf6d09d7065c5fd) Importer(815301076,1909f56bfc062723c751e8b465ee728b)
Start importing Assets/Visual/Mesh/LowPoly/Door_Million.fbx using Guid(eee79981f86a71846bf6d09d7065c5fd) Importer(815301076,1909f56bfc062723c751e8b465ee728b) [PhysX] Initialized MultithreadedTaskDispatcher with 12 workers.
[PhysX] Initialized MultithreadedTaskDispatcher with 12 workers.
[PhysX] Initialized MultithreadedTaskDispatcher with 12 workers.
[PhysX] Initialized MultithreadedTaskDispatcher with 12 workers.
[PhysX] Initialized MultithreadedTaskDispatcher with 12 workers.
[PhysX] Initialized MultithreadedTaskDispatcher with 12 workers.
[PhysX] Initialized MultithreadedTaskDispatcher with 12 workers.
[PhysX] Initialized MultithreadedTaskDispatcher with 12 workers.
[PhysX] Initialized MultithreadedTaskDispatcher with 12 workers.
[PhysX] Initialized MultithreadedTaskDispatcher with 12 workers.
[PhysX] Initialized MultithreadedTaskDispatcher with 12 workers.
[PhysX] Initialized MultithreadedTaskDispatcher with 12 workers.
 -> (artifact id: '2c8e918b3f95a19a9b54dfe493853d88') in 0.092963 seconds
Number of updated asset objects reloaded before import = 0
Number of asset objects unloaded after import = 28
Editor requested this worker to shutdown with reason: Scaling down because of idle timeout
TcpMessagingSession - receive error: operation aborted. errorcode: 995, details:  /   -       .
AssetImportWorker is now disconnected from the server
Process exiting
Exiting without the bug reporter. Application will terminate with return code 0